################################################################################
# $Id: dir.lst 2017-09 $
#
# Project:  Sci.
# Purpose:  Directory options.
# Author:   Weiwei Huang, 898687324@qq.com
#
################################################################################
# Copyright (c) 2017-09 ~ 2017 Weiwei Huang
#
# This program is free software; you can redistribute it and/or modify it under 
# the terms of the GNU General Public License as published by the Free Software 
# Foundation, either version 3 of the License, or (at your option) any later 
# version.
#
# This program is distributed in the hope that it will be useful, but WITHOUT 
# ANY WARRANTY; without even the implied warranty of MERCHANTABILITY or FITNESS 
# FOR A PARTICULAR PURPOSE.  See the GNU General Public License for more 
# details.
#
# You should have received a copy of the GNU General Public License along with 
# this program.  If not, see <http://www.gnu.org/licenses/>.
################################################################################

#
# Module directory.
#
# Science directory.
SCI_DIR = $(SRC_DIR)/sci
# Base directory.
BASE_DIR = $(SCI_DIR)/base
# Idenpendent directory.
IDPN_DIR = $(SCI_DIR)/idpn
FFS_DIR = $(IDPN_DIR)/ffs
SET_DIR = $(IDPN_DIR)/set
# Subject directory.
SUBJ_DIR = $(SCI_DIR)/subj
# Mth
MTH_DIR = $(SUBJ_DIR)/mth
# Phy
PHY_DIR = $(SUBJ_DIR)/phy
# Atr
ATR_DIR = $(SUBJ_DIR)/atr
EARTH_DIR = $(ATR_DIR)/earth

#
# Include directory.
#
USR_H_DIR = ${HOME}/me/usr/include
HUB_H_DIR = ${USR_H_DIR}/hub